[debug] [2023-01-15T08:58:23.680Z] ----------------------------------------------------------------------
[debug] [2023-01-15T08:58:23.685Z] Command:       /opt/homebrew/Cellar/node/19.4.0/bin/node /opt/homebrew/bin/firebase init
[debug] [2023-01-15T08:58:23.685Z] CLI Version:   11.16.0
[debug] [2023-01-15T08:58:23.685Z] Platform:      darwin
[debug] [2023-01-15T08:58:23.685Z] Node Version:  v19.4.0
[debug] [2023-01-15T08:58:23.685Z] Time:          Sun Jan 15 2023 08:58:23 GMT+0000 (Greenwich Mean Time)
[debug] [2023-01-15T08:58:23.685Z] ----------------------------------------------------------------------
[debug] 
[debug] [2023-01-15T08:58:23.686Z] >>> [apiv2][query] GET https://firebase-public.firebaseio.com/cli.json [none]
[debug] [2023-01-15T08:58:23.696Z] > command requires scopes: ["email","openid","https://www.googleapis.com/auth/cloudplatformprojects.readonly","https://www.googleapis.com/auth/firebase","https://www.googleapis.com/auth/cloud-platform"]
[debug] [2023-01-15T08:58:23.696Z] > authorizing via signed-in user (tayyan54@gmail.com)
[info] 
     ######## #### ########  ######## ########     ###     ######  ########
     ##        ##  ##     ## ##       ##     ##  ##   ##  ##       ##
     ######    ##  ########  ######   ########  #########  ######  ######
     ##        ##  ##    ##  ##       ##     ## ##     ##       ## ##
     ##       #### ##     ## ######## ########  ##     ##  ######  ########

You're about to initialize a Firebase project in this directory:

  /Users/unitedkingdomjaved/Desktop/codes/talkfs-cf-2

[debug] [2023-01-15T08:58:24.005Z] <<< [apiv2][status] GET https://firebase-public.firebaseio.com/cli.json 200
[debug] [2023-01-15T08:58:24.006Z] <<< [apiv2][body] GET https://firebase-public.firebaseio.com/cli.json {"cloudBuildErrorAfter":1594252800000,"cloudBuildWarnAfter":1590019200000,"defaultNode10After":1594252800000,"minVersion":"3.0.5","node8DeploysDisabledAfter":1613390400000,"node8RuntimeDisabledAfter":1615809600000,"node8WarnAfter":1600128000000}
[info] 
=== Project Setup
[info] 
[info] First, let's associate this project directory with a Firebase project.
[info] You can create multiple project aliases by running firebase use --add, 
[info] but for now we'll just set up a default project.
[info] 
[debug] [2023-01-15T08:58:53.924Z] > refreshing access token with scopes: []
[debug] [2023-01-15T08:58:53.925Z] >>> [apiv2][query] POST https://www.googleapis.com/oauth2/v3/token [none]
[debug] [2023-01-15T08:58:53.925Z] >>> [apiv2][body] POST https://www.googleapis.com/oauth2/v3/token [omitted]
[debug] [2023-01-15T08:58:54.054Z] <<< [apiv2][status] POST https://www.googleapis.com/oauth2/v3/token 200
[debug] [2023-01-15T08:58:54.054Z] <<< [apiv2][body] POST https://www.googleapis.com/oauth2/v3/token [omitted]
[debug] [2023-01-15T08:58:54.065Z] >>> [apiv2][query] GET https://firebase.googleapis.com/v1beta1/projects pageSize=100
[debug] [2023-01-15T08:58:54.639Z] <<< [apiv2][status] GET https://firebase.googleapis.com/v1beta1/projects 200
[debug] [2023-01-15T08:58:54.639Z] <<< [apiv2][body] GET https://firebase.googleapis.com/v1beta1/projects [omitted]
[info] i  Don't want to scroll through all your projects? If you know your project ID, you can initialize it directly using firebase init --project <project_id>.
 
[info] i  Using project talkvxx (talkvxx) 
[info] 
=== Functions Setup
[debug] [2023-01-15T08:59:11.893Z] > command requires scopes: ["email","openid","https://www.googleapis.com/auth/cloudplatformprojects.readonly","https://www.googleapis.com/auth/firebase","https://www.googleapis.com/auth/cloud-platform"]
[debug] [2023-01-15T08:59:11.893Z] > authorizing via signed-in user (tayyan54@gmail.com)
[debug] [2023-01-15T08:59:11.894Z] [iam] checking project talkvxx for permissions ["firebase.projects.get"]
[debug] [2023-01-15T08:59:11.894Z] >>> [apiv2][query] POST https://cloudresourcemanager.googleapis.com/v1/projects/talkvxx:testIamPermissions [none]
[debug] [2023-01-15T08:59:11.894Z] >>> [apiv2][(partial)header] POST https://cloudresourcemanager.googleapis.com/v1/projects/talkvxx:testIamPermissions x-goog-quota-user=projects/talkvxx
[debug] [2023-01-15T08:59:11.894Z] >>> [apiv2][body] POST https://cloudresourcemanager.googleapis.com/v1/projects/talkvxx:testIamPermissions {"permissions":["firebase.projects.get"]}
[debug] [2023-01-15T08:59:12.566Z] <<< [apiv2][status] POST https://cloudresourcemanager.googleapis.com/v1/projects/talkvxx:testIamPermissions 200
[debug] [2023-01-15T08:59:12.567Z] <<< [apiv2][body] POST https://cloudresourcemanager.googleapis.com/v1/projects/talkvxx:testIamPermissions {"permissions":["firebase.projects.get"]}
[debug] [2023-01-15T08:59:12.568Z] >>> [apiv2][query] GET https://serviceusage.googleapis.com/v1/projects/talkvxx/services/cloudfunctions.googleapis.com [none]
[debug] [2023-01-15T08:59:12.568Z] >>> [apiv2][(partial)header] GET https://serviceusage.googleapis.com/v1/projects/talkvxx/services/cloudfunctions.googleapis.com x-goog-quota-user=projects/talkvxx
[debug] [2023-01-15T08:59:12.570Z] >>> [apiv2][query] GET https://serviceusage.googleapis.com/v1/projects/talkvxx/services/runtimeconfig.googleapis.com [none]
[debug] [2023-01-15T08:59:12.570Z] >>> [apiv2][(partial)header] GET https://serviceusage.googleapis.com/v1/projects/talkvxx/services/runtimeconfig.googleapis.com x-goog-quota-user=projects/talkvxx
[debug] [2023-01-15T08:59:13.478Z] <<< [apiv2][status] GET https://serviceusage.googleapis.com/v1/projects/talkvxx/services/cloudfunctions.googleapis.com 200
[debug] [2023-01-15T08:59:13.478Z] <<< [apiv2][body] GET https://serviceusage.googleapis.com/v1/projects/talkvxx/services/cloudfunctions.googleapis.com [omitted]
[debug] [2023-01-15T08:59:13.478Z] >>> [apiv2][query] POST https://serviceusage.googleapis.com/v1/projects/talkvxx/services/cloudfunctions.googleapis.com:enable [none]
[debug] [2023-01-15T08:59:13.479Z] >>> [apiv2][(partial)header] POST https://serviceusage.googleapis.com/v1/projects/talkvxx/services/cloudfunctions.googleapis.com:enable x-goog-quota-user=projects/talkvxx
[debug] [2023-01-15T08:59:13.512Z] <<< [apiv2][status] GET https://serviceusage.googleapis.com/v1/projects/talkvxx/services/runtimeconfig.googleapis.com 200
[debug] [2023-01-15T08:59:13.512Z] <<< [apiv2][body] GET https://serviceusage.googleapis.com/v1/projects/talkvxx/services/runtimeconfig.googleapis.com [omitted]
[debug] [2023-01-15T08:59:14.559Z] <<< [apiv2][status] POST https://serviceusage.googleapis.com/v1/projects/talkvxx/services/cloudfunctions.googleapis.com:enable 200
[debug] [2023-01-15T08:59:14.559Z] <<< [apiv2][body] POST https://serviceusage.googleapis.com/v1/projects/talkvxx/services/cloudfunctions.googleapis.com:enable [omitted]
[debug] [2023-01-15T08:59:24.562Z] >>> [apiv2][query] GET https://serviceusage.googleapis.com/v1/projects/talkvxx/services/cloudfunctions.googleapis.com [none]
[debug] [2023-01-15T08:59:24.563Z] >>> [apiv2][(partial)header] GET https://serviceusage.googleapis.com/v1/projects/talkvxx/services/cloudfunctions.googleapis.com x-goog-quota-user=projects/talkvxx
[debug] [2023-01-15T08:59:25.450Z] <<< [apiv2][status] GET https://serviceusage.googleapis.com/v1/projects/talkvxx/services/cloudfunctions.googleapis.com 200
[debug] [2023-01-15T08:59:25.450Z] <<< [apiv2][body] GET https://serviceusage.googleapis.com/v1/projects/talkvxx/services/cloudfunctions.googleapis.com [omitted]
[info] Let's create a new codebase for your functions.
[info] A directory corresponding to the codebase will be created in your project
[info] with sample code pre-configured.

[info] See https://firebase.google.com/docs/functions/organize-functions for
[info] more information on organizing your functions using codebases.

[info] Functions can be deployed with firebase deploy.

[info] ✔  Wrote functions/package.json 
[info] ✔  Wrote functions/index.js 
[info] ✔  Wrote functions/.gitignore 
[info] 
=== Hosting Setup
[info] 
[info] Your public directory is the folder (relative to your project directory) that
[info] will contain Hosting assets to be uploaded with firebase deploy. If you
[info] have a build process for your assets, use your build's output directory.
[info] 
